<?xml version="1.0" encoding="UTF-8"?>
<!-- Generated by org.testng.reporters.JUnitReportReporter -->
<testsuite skipped="0" hostname="DESKTOP-987SG1D" name="com.wordpress.qa.testcases.AutomationTest" tests="4" failures="0" timestamp="2020-08-26T15:25:14 IST" time="78.978" errors="0">
  <testcase name="actikp" time="13.288" classname="com.wordpress.qa.testcases.AutomationTest"/>
  <system-out/>
  <testcase name="Alert" time="18.428" classname="com.wordpress.qa.testcases.AutomationTest"/>
  <system-out/>
  <testcase name="actip" time="13.966" classname="com.wordpress.qa.testcases.AutomationTest"/>
  <system-out/>
  <testcase name="acti" time="33.296" classname="com.wordpress.qa.testcases.AutomationTest"/>
  <system-out/>
</testsuite> <!-- com.wordpress.qa.testcases.AutomationTest -->
