<?xml version="1.0" encoding="UTF-8"?>
<!-- Generated by org.testng.reporters.JUnitReportReporter -->
<testsuite skipped="0" hostname="DESKTOP-987SG1D" name="com.wordpress.qa.testcases.LoginPageTest" tests="1" failures="0" timestamp="2020-07-02T16:32:43 IST" time="47.955" errors="0">
  <testcase name="loginPageTitleTest" time="47.955" classname="com.wordpress.qa.testcases.LoginPageTest"/>
  <system-out/>
</testsuite> <!-- com.wordpress.qa.testcases.LoginPageTest -->
