<?xml version="1.0" encoding="UTF-8"?>
<!-- Generated by org.testng.reporters.JUnitReportReporter -->
<testsuite skipped="0" hostname="DESKTOP-987SG1D" name="com.wordpress.qa.testcases.SelectItamTest" tests="1" failures="0" timestamp="2020-07-02T17:10:41 IST" time="13.399" errors="0">
  <testcase name="loginPageTitleTest" time="13.399" classname="com.wordpress.qa.testcases.SelectItamTest"/>
  <system-out/>
</testsuite> <!-- com.wordpress.qa.testcases.SelectItamTest -->
