<?xml version="1.0" encoding="UTF-8"?>
<!-- Generated by org.testng.reporters.JUnitReportReporter -->
<testsuite skipped="0" hostname="DESKTOP-987SG1D" name="com.wordpress.qa.testcases.PracticeFormTest" tests="1" failures="0" timestamp="2020-07-06T10:10:52 IST" time="56.716" errors="0">
  <testcase name="loginPageTitleTest" time="56.716" classname="com.wordpress.qa.testcases.PracticeFormTest"/>
  <system-out/>
</testsuite> <!-- com.wordpress.qa.testcases.PracticeFormTest -->
