<?xml version="1.0" encoding="UTF-8"?>
<!-- Generated by org.testng.reporters.JUnitReportReporter -->
<testsuite skipped="0" hostname="Hitendra-PC" name="com.wordpress.qa.testcases.HomePageTest" tests="1" failures="0" timestamp="21 Dec 2019 16:47:51 GMT" time="16.752" errors="0">
  <testcase name="verifyAddNewPostLinkTest" time="16.752" classname="com.wordpress.qa.testcases.HomePageTest"/>
</testsuite> <!-- com.wordpress.qa.testcases.HomePageTest -->
